<?xml version="1.0" encoding="UTF-8"?>
<testsuites name="Mocha Tests" time="6.465" tests="2" failures="0">
  <testsuite name="Root Suite" timestamp="2023-06-04T07:29:48" tests="0" file="cypress\e2e\todo_app\todo_interactions.cy.js" time="0.000" failures="0">
  </testsuite>
  <testsuite name="[interactions] Todo app list with a checked task" timestamp="2023-06-04T07:29:48" tests="2" time="6.432" failures="0">
    <testcase name="[interactions] Todo app list with a checked task can filter for uncompleted tasks" time="1.748" classname="can filter for uncompleted tasks">
    </testcase>
    <testcase name="[interactions] Todo app list with a checked task can filter for completed tasks" time="0.531" classname="can filter for completed tasks">
    </testcase>
  </testsuite>
</testsuites>