<?xml version="1.0" encoding="UTF-8"?>
<testsuites name="Mocha Tests" time="3.218" tests="1" failures="0">
  <testsuite name="Root Suite" timestamp="2023-06-26T14:30:05" tests="0" file="cypress\e2e\todo_app\todo_smoke.cy.js" time="0.000" failures="0">
  </testsuite>
  <testsuite name="[smoke] Todo app list" timestamp="2023-06-26T14:30:05" tests="1" time="3.154" failures="0">
    <testcase name="[smoke] Todo app list displays two todo items by default" time="0.962" classname="displays two todo items by default">
    </testcase>
  </testsuite>
</testsuites>